<?xml version="1.0" encoding="UTF-8"?>
<!-- Generated by org.testng.reporters.JUnitReportReporter -->
<testsuite hostname="DESKTOP-SBE2UEF" failures="0" tests="2" name="cucumber.options.testrunner" time="16.360" errors="0" timestamp="2024-01-19T15:33:43 IST" skipped="0">
  <testcase classname="cucumber.options.testrunner" name="runScenario" time="10.292"/>
  <system-out/>
  <testcase classname="cucumber.options.testrunner" name="runScenario" time="6.068"/>
  <system-out/>
</testsuite> <!-- cucumber.options.testrunner -->
